<?xml version="1.0" encoding="UTF-8"?>
<testsuite name="JUnit Vintage" tests="0" skipped="0" failures="0" errors="0" time="0.005" hostname="LAPTOP-9FEOAETI" timestamp="2025-04-01T13:34:49">
<properties>
<property name="file.encoding" value="UTF-8"/>
<property name="file.separator" value="\"/>
<property name="java.class.path" value="C:\Users\Nitya\OneDrive - The University of Liverpool\Comp 208 Grp Project\Weave\build;C:\Users\Nitya\OneDrive - The University of Liverpool\Comp 208 Grp Project\Weave\lib\macos-aarch64\junit-platform-console-standalone-1.12.1.jar;C:\Users\Nitya\OneDrive - The University of Liverpool\Comp 208 Grp Project\Weave\lib\macos-aarch64\javafx-sdk-21.0.6\lib\javafx-swt.jar;C:\Users\Nitya\OneDrive - The University of Liverpool\Comp 208 Grp Project\Weave\lib\macos-aarch64\javafx-sdk-21.0.6\lib\javafx.base.jar;C:\Users\Nitya\OneDrive - The University of Liverpool\Comp 208 Grp Project\Weave\lib\macos-aarch64\javafx-sdk-21.0.6\lib\javafx.controls.jar;C:\Users\Nitya\OneDrive - The University of Liverpool\Comp 208 Grp Project\Weave\lib\macos-aarch64\javafx-sdk-21.0.6\lib\javafx.fxml.jar;C:\Users\Nitya\OneDrive - The University of Liverpool\Comp 208 Grp Project\Weave\lib\macos-aarch64\javafx-sdk-21.0.6\lib\javafx.graphics.jar;C:\Users\Nitya\OneDrive - The University of Liverpool\Comp 208 Grp Project\Weave\lib\macos-aarch64\javafx-sdk-21.0.6\lib\javafx.media.jar;C:\Users\Nitya\OneDrive - The University of Liverpool\Comp 208 Grp Project\Weave\lib\macos-aarch64\javafx-sdk-21.0.6\lib\javafx.swing.jar;C:\Users\Nitya\OneDrive - The University of Liverpool\Comp 208 Grp Project\Weave\lib\macos-aarch64\javafx-sdk-21.0.6\lib\javafx.web.jar"/>
<property name="java.class.version" value="65.0"/>
<property name="java.home" value="C:\Program Files\Eclipse Adoptium\jdk-21.0.2.13-hotspot"/>
<property name="java.io.tmpdir" value="C:\Users\Nitya\AppData\Local\Temp\"/>
<property name="java.library.path" value="C:\Program Files\Eclipse Adoptium\jdk-21.0.2.13-hotspot\bin;C:\WINDOWS\Sun\Java\bin;C:\WINDOWS\system32;C:\WINDOWS;C:\Program Files\Eclipse Adoptium\jdk-21.0.2.13-hotspot\bin;C:\Program Files (x86)\Common Files\Oracle\Java\javapath;C:\Program Files\Haskell\bin;C:\Program Files\Haskell Platform\8.6.5\lib\extralibs\bin;C:\Program Files\Haskell Platform\8.6.5\bin;C:\WINDOWS\system32;C:\WINDOWS;C:\WINDOWS\System32\Wbem;C:\WINDOWS\System32\WindowsPowerShell\v1.0\;C:\WINDOWS\System32\OpenSSH\;C:\Program Files\Microsoft SQL Server\150\Tools\Binn\;C:\Program Files\Haskell Platform\8.6.5\mingw\bin;C:\Program Files\dotnet\;C:\WINDOWS\system32;C:\WINDOWS;C:\WINDOWS\System32\Wbem;C:\WINDOWS\System32\WindowsPowerShell\v1.0\;C:\WINDOWS\System32\OpenSSH\;C:\Program Files (x86)\Windows Kits\10\Windows Performance Toolkit\;C:\apache-ant\bin;C:\Users\Nitya\AppData\Roaming\cabal\bin;C:\Users\Nitya\bin;C:\Users\Nitya\AppData\Local\Microsoft\WindowsApps;C:\Users\Nitya\AppData\Local\Programs\Microsoft VS Code\bin;C:\ghcup\bin;C:\Users\Nitya\AppData\Local\GitHubDesktop\bin;C:\Users\Nitya\AppData\Local\Programs\Git\cmd;."/>
<property name="java.runtime.name" value="OpenJDK Runtime Environment"/>
<property name="java.runtime.version" value="21.0.2+13-LTS"/>
<property name="java.specification.name" value="Java Platform API Specification"/>
<property name="java.specification.vendor" value="Oracle Corporation"/>
<property name="java.specification.version" value="21"/>
<property name="java.vendor" value="Eclipse Adoptium"/>
<property name="java.vendor.url" value="https://adoptium.net/"/>
<property name="java.vendor.url.bug" value="https://github.com/adoptium/adoptium-support/issues"/>
<property name="java.vendor.version" value="Temurin-21.0.2+13"/>
<property name="java.version" value="21.0.2"/>
<property name="java.version.date" value="2024-01-16"/>
<property name="java.vm.compressedOopsMode" value="32-bit"/>
<property name="java.vm.info" value="mixed mode, sharing"/>
<property name="java.vm.name" value="OpenJDK 64-Bit Server VM"/>
<property name="java.vm.specification.name" value="Java Virtual Machine Specification"/>
<property name="java.vm.specification.vendor" value="Oracle Corporation"/>
<property name="java.vm.specification.version" value="21"/>
<property name="java.vm.vendor" value="Eclipse Adoptium"/>
<property name="java.vm.version" value="21.0.2+13-LTS"/>
<property name="jdk.debug" value="release"/>
<property name="junit.docs.version" value="1.12.1"/>
<property name="line.separator" value="&#13;&#10;"/>
<property name="native.encoding" value="Cp1252"/>
<property name="os.arch" value="amd64"/>
<property name="os.name" value="Windows 11"/>
<property name="os.version" value="10.0"/>
<property name="path.separator" value=";"/>
<property name="stderr.encoding" value="Cp1252"/>
<property name="stdout.encoding" value="Cp1252"/>
<property name="sun.arch.data.model" value="64"/>
<property name="sun.boot.library.path" value="C:\Program Files\Eclipse Adoptium\jdk-21.0.2.13-hotspot\bin"/>
<property name="sun.cpu.endian" value="little"/>
<property name="sun.cpu.isalist" value="amd64"/>
<property name="sun.io.unicode.encoding" value="UnicodeLittle"/>
<property name="sun.java.command" value="org.junit.platform.console.ConsoleLauncher --scan-class-path --include-classname .*Test --reports-dir test-reports --class-path C:\Users\Nitya\OneDrive - The University of Liverpool\Comp 208 Grp Project\Weave\build;C:\Users\Nitya\OneDrive - The University of Liverpool\Comp 208 Grp Project\Weave\lib\macos-aarch64\junit-platform-console-standalone-1.12.1.jar;C:\Users\Nitya\OneDrive - The University of Liverpool\Comp 208 Grp Project\Weave\lib\macos-aarch64\javafx-sdk-21.0.6\lib\javafx-swt.jar;C:\Users\Nitya\OneDrive - The University of Liverpool\Comp 208 Grp Project\Weave\lib\macos-aarch64\javafx-sdk-21.0.6\lib\javafx.base.jar;C:\Users\Nitya\OneDrive - The University of Liverpool\Comp 208 Grp Project\Weave\lib\macos-aarch64\javafx-sdk-21.0.6\lib\javafx.controls.jar;C:\Users\Nitya\OneDrive - The University of Liverpool\Comp 208 Grp Project\Weave\lib\macos-aarch64\javafx-sdk-21.0.6\lib\javafx.fxml.jar;C:\Users\Nitya\OneDrive - The University of Liverpool\Comp 208 Grp Project\Weave\lib\macos-aarch64\javafx-sdk-21.0.6\lib\javafx.graphics.jar;C:\Users\Nitya\OneDrive - The University of Liverpool\Comp 208 Grp Project\Weave\lib\macos-aarch64\javafx-sdk-21.0.6\lib\javafx.media.jar;C:\Users\Nitya\OneDrive - The University of Liverpool\Comp 208 Grp Project\Weave\lib\macos-aarch64\javafx-sdk-21.0.6\lib\javafx.swing.jar;C:\Users\Nitya\OneDrive - The University of Liverpool\Comp 208 Grp Project\Weave\lib\macos-aarch64\javafx-sdk-21.0.6\lib\javafx.web.jar"/>
<property name="sun.java.launcher" value="SUN_STANDARD"/>
<property name="sun.jnu.encoding" value="Cp1252"/>
<property name="sun.management.compiler" value="HotSpot 64-Bit Tiered Compilers"/>
<property name="sun.os.patch.level" value=""/>
<property name="user.country" value="GB"/>
<property name="user.dir" value="C:\Users\Nitya\OneDrive - The University of Liverpool\Comp 208 Grp Project\Weave"/>
<property name="user.home" value="C:\Users\Nitya"/>
<property name="user.language" value="en"/>
<property name="user.name" value="Nitya"/>
<property name="user.script" value=""/>
<property name="user.timezone" value="Europe/London"/>
<property name="user.variant" value=""/>
</properties>
<system-out><![CDATA[
unique-id: [engine:junit-vintage]
display-name: JUnit Vintage
]]></system-out>
</testsuite>
