<?xml version="1.0" encoding="UTF-8"?>
<testsuite name="JUnit Vintage" tests="0" skipped="0" failures="0" errors="0" time="0" hostname="Joshs-MacBook-Pro.local" timestamp="2025-03-25T18:40:03">
<properties>
<property name="apple.awt.application.name" value="ConsoleLauncher"/>
<property name="file.encoding" value="UTF-8"/>
<property name="file.separator" value="/"/>
<property name="ftp.nonProxyHosts" value="local|*.local|169.254/16|*.169.254/16"/>
<property name="http.nonProxyHosts" value="local|*.local|169.254/16|*.169.254/16"/>
<property name="java.class.path" value="/Users/joshbridges/Documents/Weave/Weave/build:/Users/joshbridges/Documents/Weave/Weave/lib/macos-aarch64/junit-platform-console-standalone-1.12.1.jar:/Users/joshbridges/Documents/Weave/Weave/lib/macos-aarch64/javafx-sdk-21.0.6/lib/javafx-swt.jar:/Users/joshbridges/Documents/Weave/Weave/lib/macos-aarch64/javafx-sdk-21.0.6/lib/javafx.base.jar:/Users/joshbridges/Documents/Weave/Weave/lib/macos-aarch64/javafx-sdk-21.0.6/lib/javafx.controls.jar:/Users/joshbridges/Documents/Weave/Weave/lib/macos-aarch64/javafx-sdk-21.0.6/lib/javafx.fxml.jar:/Users/joshbridges/Documents/Weave/Weave/lib/macos-aarch64/javafx-sdk-21.0.6/lib/javafx.graphics.jar:/Users/joshbridges/Documents/Weave/Weave/lib/macos-aarch64/javafx-sdk-21.0.6/lib/javafx.media.jar:/Users/joshbridges/Documents/Weave/Weave/lib/macos-aarch64/javafx-sdk-21.0.6/lib/javafx.swing.jar:/Users/joshbridges/Documents/Weave/Weave/lib/macos-aarch64/javafx-sdk-21.0.6/lib/javafx.web.jar"/>
<property name="java.class.version" value="65.0"/>
<property name="java.home" value="/opt/homebrew/Cellar/openjdk@21/21.0.6/libexec/openjdk.jdk/Contents/Home"/>
<property name="java.io.tmpdir" value="/var/folders/v2/k969hhzj32z2rb2kskrc4qcr0000gn/T/"/>
<property name="java.library.path" value="/Users/joshbridges/Library/Java/Extensions:/Library/Java/Extensions:/Network/Library/Java/Extensions:/System/Library/Java/Extensions:/usr/lib/java:."/>
<property name="java.runtime.name" value="OpenJDK Runtime Environment"/>
<property name="java.runtime.version" value="21.0.6"/>
<property name="java.specification.name" value="Java Platform API Specification"/>
<property name="java.specification.vendor" value="Oracle Corporation"/>
<property name="java.specification.version" value="21"/>
<property name="java.vendor" value="Homebrew"/>
<property name="java.vendor.url" value="https://github.com/Homebrew/homebrew-core/issues"/>
<property name="java.vendor.url.bug" value="https://github.com/Homebrew/homebrew-core/issues"/>
<property name="java.vendor.version" value="Homebrew"/>
<property name="java.version" value="21.0.6"/>
<property name="java.version.date" value="2025-01-21"/>
<property name="java.vm.compressedOopsMode" value="Zero based"/>
<property name="java.vm.info" value="mixed mode, sharing"/>
<property name="java.vm.name" value="OpenJDK 64-Bit Server VM"/>
<property name="java.vm.specification.name" value="Java Virtual Machine Specification"/>
<property name="java.vm.specification.vendor" value="Oracle Corporation"/>
<property name="java.vm.specification.version" value="21"/>
<property name="java.vm.vendor" value="Homebrew"/>
<property name="java.vm.version" value="21.0.6"/>
<property name="jdk.debug" value="release"/>
<property name="junit.docs.version" value="1.12.1"/>
<property name="line.separator" value="&#10;"/>
<property name="native.encoding" value="UTF-8"/>
<property name="os.arch" value="aarch64"/>
<property name="os.name" value="Mac OS X"/>
<property name="os.version" value="15.0.1"/>
<property name="path.separator" value=":"/>
<property name="socksNonProxyHosts" value="local|*.local|169.254/16|*.169.254/16"/>
<property name="stderr.encoding" value="UTF-8"/>
<property name="stdout.encoding" value="UTF-8"/>
<property name="sun.arch.data.model" value="64"/>
<property name="sun.boot.library.path" value="/opt/homebrew/Cellar/openjdk@21/21.0.6/libexec/openjdk.jdk/Contents/Home/lib"/>
<property name="sun.cpu.endian" value="little"/>
<property name="sun.io.unicode.encoding" value="UnicodeBig"/>
<property name="sun.java.command" value="org.junit.platform.console.ConsoleLauncher --scan-class-path --include-classname .*Test --reports-dir test-reports --class-path /Users/joshbridges/Documents/Weave/Weave/build:/Users/joshbridges/Documents/Weave/Weave/lib/macos-aarch64/junit-platform-console-standalone-1.12.1.jar:/Users/joshbridges/Documents/Weave/Weave/lib/macos-aarch64/javafx-sdk-21.0.6/lib/javafx-swt.jar:/Users/joshbridges/Documents/Weave/Weave/lib/macos-aarch64/javafx-sdk-21.0.6/lib/javafx.base.jar:/Users/joshbridges/Documents/Weave/Weave/lib/macos-aarch64/javafx-sdk-21.0.6/lib/javafx.controls.jar:/Users/joshbridges/Documents/Weave/Weave/lib/macos-aarch64/javafx-sdk-21.0.6/lib/javafx.fxml.jar:/Users/joshbridges/Documents/Weave/Weave/lib/macos-aarch64/javafx-sdk-21.0.6/lib/javafx.graphics.jar:/Users/joshbridges/Documents/Weave/Weave/lib/macos-aarch64/javafx-sdk-21.0.6/lib/javafx.media.jar:/Users/joshbridges/Documents/Weave/Weave/lib/macos-aarch64/javafx-sdk-21.0.6/lib/javafx.swing.jar:/Users/joshbridges/Documents/Weave/Weave/lib/macos-aarch64/javafx-sdk-21.0.6/lib/javafx.web.jar"/>
<property name="sun.java.launcher" value="SUN_STANDARD"/>
<property name="sun.jnu.encoding" value="UTF-8"/>
<property name="sun.management.compiler" value="HotSpot 64-Bit Tiered Compilers"/>
<property name="user.country" value="GB"/>
<property name="user.dir" value="/Users/joshbridges/Documents/Weave/Weave"/>
<property name="user.home" value="/Users/joshbridges"/>
<property name="user.language" value="en"/>
<property name="user.name" value="joshbridges"/>
<property name="user.timezone" value="Europe/London"/>
</properties>
<system-out><![CDATA[
unique-id: [engine:junit-vintage]
display-name: JUnit Vintage
]]></system-out>
</testsuite>
